<?xml version="1.0" encoding="UTF-8"?>
<testng-results ignored="0" total="3" passed="3" failed="0" skipped="0">
  <reporter-output>
  </reporter-output>
  <suite started-at="2022-02-07T15:44:09 EET" name="Default Suite" finished-at="2022-02-07T15:44:15 EET" duration-ms="6080">
    <groups>
    </groups>
    <test started-at="2022-02-07T15:44:09 EET" name="CourseProject" finished-at="2022-02-07T15:44:15 EET" duration-ms="6080">
      <class name="com.selenium.sourcedemo.tests.unsuccessfulLogin">
        <test-method is-config="true" signature="setUp()[pri:0, instance:com.selenium.sourcedemo.tests.unsuccessfulLogin@1a0dcaa]" started-at="2022-02-07T15:44:09 EET" name="setUp" finished-at="2022-02-07T15:44:11 EET" duration-ms="2471" status="PASS">
          <reporter-output>
          </reporter-output>
        </test-method> <!-- setUp -->
        <test-method signature="unsuccessLogin(java.lang.String,java.lang.String)[pri:0, instance:com.selenium.sourcedemo.tests.unsuccessfulLogin@1a0dcaa]" started-at="2022-02-07T15:44:11 EET" name="unsuccessLogin" data-provider="UsersCsv" finished-at="2022-02-07T15:44:12 EET" duration-ms="286" status="PASS">
          <params>
            <param index="0">
              <value>
                <![CDATA[fdsfsd]]>
              </value>
            </param>
            <param index="1">
              <value>
                <![CDATA[secret_sauce]]>
              </value>
            </param>
          </params>
          <reporter-output>
          </reporter-output>
        </test-method> <!-- unsuccessLogin -->
        <test-method is-config="true" signature="tearDown()[pri:0, instance:com.selenium.sourcedemo.tests.unsuccessfulLogin@1a0dcaa]" started-at="2022-02-07T15:44:12 EET" name="tearDown" finished-at="2022-02-07T15:44:12 EET" duration-ms="187" status="PASS">
          <reporter-output>
          </reporter-output>
        </test-method> <!-- tearDown -->
        <test-method is-config="true" signature="setUp()[pri:0, instance:com.selenium.sourcedemo.tests.unsuccessfulLogin@1a0dcaa]" started-at="2022-02-07T15:44:12 EET" name="setUp" finished-at="2022-02-07T15:44:13 EET" duration-ms="1132" status="PASS">
          <reporter-output>
          </reporter-output>
        </test-method> <!-- setUp -->
        <test-method signature="unsuccessLogin(java.lang.String,java.lang.String)[pri:0, instance:com.selenium.sourcedemo.tests.unsuccessfulLogin@1a0dcaa]" started-at="2022-02-07T15:44:13 EET" name="unsuccessLogin" data-provider="UsersCsv" finished-at="2022-02-07T15:44:13 EET" duration-ms="278" status="PASS">
          <params>
            <param index="0">
              <value>
                <![CDATA[fdsfsd]]>
              </value>
            </param>
            <param index="1">
              <value>
                <![CDATA[vfsd]]>
              </value>
            </param>
          </params>
          <reporter-output>
          </reporter-output>
        </test-method> <!-- unsuccessLogin -->
        <test-method is-config="true" signature="tearDown()[pri:0, instance:com.selenium.sourcedemo.tests.unsuccessfulLogin@1a0dcaa]" started-at="2022-02-07T15:44:13 EET" name="tearDown" finished-at="2022-02-07T15:44:13 EET" duration-ms="185" status="PASS">
          <reporter-output>
          </reporter-output>
        </test-method> <!-- tearDown -->
        <test-method is-config="true" signature="setUp()[pri:0, instance:com.selenium.sourcedemo.tests.unsuccessfulLogin@1a0dcaa]" started-at="2022-02-07T15:44:13 EET" name="setUp" finished-at="2022-02-07T15:44:14 EET" duration-ms="1001" status="PASS">
          <reporter-output>
          </reporter-output>
        </test-method> <!-- setUp -->
        <test-method signature="unsuccessLogin(java.lang.String,java.lang.String)[pri:0, instance:com.selenium.sourcedemo.tests.unsuccessfulLogin@1a0dcaa]" started-at="2022-02-07T15:44:14 EET" name="unsuccessLogin" data-provider="UsersCsv" finished-at="2022-02-07T15:44:15 EET" duration-ms="301" status="PASS">
          <params>
            <param index="0">
              <value>
                <![CDATA[fdsfsdf]]>
              </value>
            </param>
            <param index="1">
              <value>
                <![CDATA[fdsfds]]>
              </value>
            </param>
          </params>
          <reporter-output>
          </reporter-output>
        </test-method> <!-- unsuccessLogin -->
        <test-method is-config="true" signature="tearDown()[pri:0, instance:com.selenium.sourcedemo.tests.unsuccessfulLogin@1a0dcaa]" started-at="2022-02-07T15:44:15 EET" name="tearDown" finished-at="2022-02-07T15:44:15 EET" duration-ms="185" status="PASS">
          <reporter-output>
          </reporter-output>
        </test-method> <!-- tearDown -->
      </class> <!-- com.selenium.sourcedemo.tests.unsuccessfulLogin -->
    </test> <!-- CourseProject -->
  </suite> <!-- Default Suite -->
</testng-results>
