<?xml version="1.0" encoding="UTF-8"?>
<!-- Generated by org.testng.reporters.JUnitXMLReporter -->
<testsuite ignored="0" hostname="DESKTOP-LMPDDO3" failures="0" tests="3" name="CourseProject" time="6.08" errors="0" timestamp="2022-02-07T15:44:15 EET">
  <testcase classname="com.selenium.sourcedemo.tests.unsuccessfulLogin" name="unsuccessLogin" time="0.286"/>
  <testcase classname="com.selenium.sourcedemo.tests.unsuccessfulLogin" name="unsuccessLogin" time="0.278"/>
  <testcase classname="com.selenium.sourcedemo.tests.unsuccessfulLogin" name="unsuccessLogin" time="0.301"/>
</testsuite> <!-- CourseProject -->
